\BOOKMARK [0][-]{chapter.1}{\376\377\000D\000a\000t\000a\000\040\000S\000t\000r\000u\000c\000t\000u\000r\000e\000\040\000D\000o\000c\000u\000m\000e\000n\000t\000a\000t\000i\000o\000n}{}% 1
\BOOKMARK [1][-]{section.1.1}{\376\377\000A\000t\000t\000a\000c\000h\000e\000d\000D\000e\000v\000i\000c\000e\000\040\000C\000l\000a\000s\000s\000\040\000R\000e\000f\000e\000r\000e\000n\000c\000e}{chapter.1}% 2
\BOOKMARK [2][-]{subsection.1.1.1}{\376\377\000D\000e\000t\000a\000i\000l\000e\000d\000\040\000D\000e\000s\000c\000r\000i\000p\000t\000i\000o\000n}{section.1.1}% 3
\BOOKMARK [2][-]{subsection.1.1.2}{\376\377\000C\000o\000n\000s\000t\000r\000u\000c\000t\000o\000r\000\040\000\046\000\040\000D\000e\000s\000t\000r\000u\000c\000t\000o\000r\000\040\000D\000o\000c\000u\000m\000e\000n\000t\000a\000t\000i\000o\000n}{section.1.1}% 4
\BOOKMARK [3][-]{subsubsection.1.1.2.1}{\376\377\000\137\000\137\000i\000n\000i\000t\000\137\000\137}{subsection.1.1.2}% 5
\BOOKMARK [2][-]{subsection.1.1.3}{\376\377\000F\000i\000e\000l\000d\000\040\000D\000o\000c\000u\000m\000e\000n\000t\000a\000t\000i\000o\000n}{section.1.1}% 6
\BOOKMARK [3][-]{subsubsection.1.1.3.1}{\376\377\000c\000o\000m\000p\000u\000t\000e\000r}{subsection.1.1.3}% 7
\BOOKMARK [1][-]{section.1.2}{\376\377\000C\000o\000m\000p\000u\000t\000e\000r\000\040\000C\000l\000a\000s\000s\000\040\000R\000e\000f\000e\000r\000e\000n\000c\000e}{chapter.1}% 8
\BOOKMARK [2][-]{subsection.1.2.1}{\376\377\000D\000e\000t\000a\000i\000l\000e\000d\000\040\000D\000e\000s\000c\000r\000i\000p\000t\000i\000o\000n}{section.1.2}% 9
\BOOKMARK [2][-]{subsection.1.2.2}{\376\377\000C\000o\000n\000s\000t\000r\000u\000c\000t\000o\000r\000\040\000\046\000\040\000D\000e\000s\000t\000r\000u\000c\000t\000o\000r\000\040\000D\000o\000c\000u\000m\000e\000n\000t\000a\000t\000i\000o\000n}{section.1.2}% 10
\BOOKMARK [3][-]{subsubsection.1.2.2.1}{\376\377\000\137\000\137\000i\000n\000i\000t\000\137\000\137}{subsection.1.2.2}% 11
\BOOKMARK [2][-]{subsection.1.2.3}{\376\377\000M\000e\000m\000b\000e\000r\000\040\000F\000u\000n\000c\000t\000i\000o\000n\000\040\000D\000o\000c\000u\000m\000e\000n\000t\000a\000t\000i\000o\000n}{section.1.2}% 12
\BOOKMARK [3][-]{subsubsection.1.2.3.1}{\376\377\000\137\000\137\000r\000e\000p\000r\000\137\000\137}{subsection.1.2.3}% 13
\BOOKMARK [3][-]{subsubsection.1.2.3.2}{\376\377\000a\000d\000d}{subsection.1.2.3}% 14
\BOOKMARK [2][-]{subsection.1.2.4}{\376\377\000F\000i\000e\000l\000d\000\040\000D\000o\000c\000u\000m\000e\000n\000t\000a\000t\000i\000o\000n}{section.1.2}% 15
\BOOKMARK [3][-]{subsubsection.1.2.4.1}{\376\377\000d\000e\000v\000i\000c\000e\000s}{subsection.1.2.4}% 16
\BOOKMARK [3][-]{subsubsection.1.2.4.2}{\376\377\000i\000p}{subsection.1.2.4}% 17
\BOOKMARK [3][-]{subsubsection.1.2.4.3}{\376\377\000n\000a\000m\000e}{subsection.1.2.4}% 18
\BOOKMARK [1][-]{section.1.3}{\376\377\000D\000C\0002\000D\000e\000v\000i\000c\000e\000\040\000C\000l\000a\000s\000s\000\040\000R\000e\000f\000e\000r\000e\000n\000c\000e}{chapter.1}% 19
\BOOKMARK [2][-]{subsection.1.3.1}{\376\377\000D\000e\000t\000a\000i\000l\000e\000d\000\040\000D\000e\000s\000c\000r\000i\000p\000t\000i\000o\000n}{section.1.3}% 20
\BOOKMARK [2][-]{subsection.1.3.2}{\376\377\000C\000o\000n\000s\000t\000r\000u\000c\000t\000o\000r\000\040\000\046\000\040\000D\000e\000s\000t\000r\000u\000c\000t\000o\000r\000\040\000D\000o\000c\000u\000m\000e\000n\000t\000a\000t\000i\000o\000n}{section.1.3}% 21
\BOOKMARK [3][-]{subsubsection.1.3.2.1}{\376\377\000\137\000\137\000i\000n\000i\000t\000\137\000\137}{subsection.1.3.2}% 22
\BOOKMARK [1][-]{section.1.4}{\376\377\000D\000C\000D\000e\000v\000i\000c\000e\000\040\000C\000l\000a\000s\000s\000\040\000R\000e\000f\000e\000r\000e\000n\000c\000e}{chapter.1}% 23
\BOOKMARK [2][-]{subsection.1.4.1}{\376\377\000D\000e\000t\000a\000i\000l\000e\000d\000\040\000D\000e\000s\000c\000r\000i\000p\000t\000i\000o\000n}{section.1.4}% 24
\BOOKMARK [2][-]{subsection.1.4.2}{\376\377\000C\000o\000n\000s\000t\000r\000u\000c\000t\000o\000r\000\040\000\046\000\040\000D\000e\000s\000t\000r\000u\000c\000t\000o\000r\000\040\000D\000o\000c\000u\000m\000e\000n\000t\000a\000t\000i\000o\000n}{section.1.4}% 25
\BOOKMARK [3][-]{subsubsection.1.4.2.1}{\376\377\000\137\000\137\000i\000n\000i\000t\000\137\000\137}{subsection.1.4.2}% 26
\BOOKMARK [1][-]{section.1.5}{\376\377\000D\000e\000v\000i\000c\000e\000\040\000C\000l\000a\000s\000s\000\040\000R\000e\000f\000e\000r\000e\000n\000c\000e}{chapter.1}% 27
\BOOKMARK [2][-]{subsection.1.5.1}{\376\377\000D\000e\000t\000a\000i\000l\000e\000d\000\040\000D\000e\000s\000c\000r\000i\000p\000t\000i\000o\000n}{section.1.5}% 28
\BOOKMARK [2][-]{subsection.1.5.2}{\376\377\000C\000o\000n\000s\000t\000r\000u\000c\000t\000o\000r\000\040\000\046\000\040\000D\000e\000s\000t\000r\000u\000c\000t\000o\000r\000\040\000D\000o\000c\000u\000m\000e\000n\000t\000a\000t\000i\000o\000n}{section.1.5}% 29
\BOOKMARK [3][-]{subsubsection.1.5.2.1}{\376\377\000\137\000\137\000i\000n\000i\000t\000\137\000\137}{subsection.1.5.2}% 30
\BOOKMARK [2][-]{subsection.1.5.3}{\376\377\000M\000e\000m\000b\000e\000r\000\040\000F\000u\000n\000c\000t\000i\000o\000n\000\040\000D\000o\000c\000u\000m\000e\000n\000t\000a\000t\000i\000o\000n}{section.1.5}% 31
\BOOKMARK [3][-]{subsubsection.1.5.3.1}{\376\377\000\137\000\137\000r\000e\000p\000r\000\137\000\137}{subsection.1.5.3}% 32
\BOOKMARK [3][-]{subsubsection.1.5.3.2}{\376\377\000a\000d\000d\000\137\000l\000i\000n\000e}{subsection.1.5.3}% 33
\BOOKMARK [2][-]{subsection.1.5.4}{\376\377\000F\000i\000e\000l\000d\000\040\000D\000o\000c\000u\000m\000e\000n\000t\000a\000t\000i\000o\000n}{section.1.5}% 34
\BOOKMARK [3][-]{subsubsection.1.5.4.1}{\376\377\000l\000i\000n\000e\000s}{subsection.1.5.4}% 35
\BOOKMARK [3][-]{subsubsection.1.5.4.2}{\376\377\000m\000a\000x\000\137\000f\000r\000e\000q\000u\000e\000n\000c\000y}{subsection.1.5.4}% 36
\BOOKMARK [3][-]{subsubsection.1.5.4.3}{\376\377\000n\000a\000m\000e}{subsection.1.5.4}% 37
\BOOKMARK [3][-]{subsubsection.1.5.4.4}{\376\377\000u\000r\000l}{subsection.1.5.4}% 38
\BOOKMARK [1][-]{section.1.6}{\376\377\000L\000i\000n\000e\000\040\000C\000l\000a\000s\000s\000\040\000R\000e\000f\000e\000r\000e\000n\000c\000e}{chapter.1}% 39
\BOOKMARK [2][-]{subsection.1.6.1}{\376\377\000D\000e\000t\000a\000i\000l\000e\000d\000\040\000D\000e\000s\000c\000r\000i\000p\000t\000i\000o\000n}{section.1.6}% 40
\BOOKMARK [2][-]{subsection.1.6.2}{\376\377\000C\000o\000n\000s\000t\000r\000u\000c\000t\000o\000r\000\040\000\046\000\040\000D\000e\000s\000t\000r\000u\000c\000t\000o\000r\000\040\000D\000o\000c\000u\000m\000e\000n\000t\000a\000t\000i\000o\000n}{section.1.6}% 41
\BOOKMARK [3][-]{subsubsection.1.6.2.1}{\376\377\000\137\000\137\000i\000n\000i\000t\000\137\000\137}{subsection.1.6.2}% 42
\BOOKMARK [2][-]{subsection.1.6.3}{\376\377\000M\000e\000m\000b\000e\000r\000\040\000F\000u\000n\000c\000t\000i\000o\000n\000\040\000D\000o\000c\000u\000m\000e\000n\000t\000a\000t\000i\000o\000n}{section.1.6}% 43
\BOOKMARK [3][-]{subsubsection.1.6.3.1}{\376\377\000\137\000\137\000r\000e\000p\000r\000\137\000\137}{subsection.1.6.3}% 44
\BOOKMARK [2][-]{subsection.1.6.4}{\376\377\000F\000i\000e\000l\000d\000\040\000D\000o\000c\000u\000m\000e\000n\000t\000a\000t\000i\000o\000n}{section.1.6}% 45
\BOOKMARK [3][-]{subsubsection.1.6.4.1}{\376\377\000d\000e\000s\000c\000r\000i\000p\000t\000i\000o\000n}{subsection.1.6.4}% 46
\BOOKMARK [3][-]{subsubsection.1.6.4.2}{\376\377\000n\000a\000m\000e}{subsection.1.6.4}% 47
\BOOKMARK [3][-]{subsubsection.1.6.4.3}{\376\377\000v\000o\000l\000t\000a\000g\000e}{subsection.1.6.4}% 48
\BOOKMARK [1][-]{section.1.7}{\376\377\000N\000I\000D\000e\000v\000i\000c\000e\000\040\000C\000l\000a\000s\000s\000\040\000R\000e\000f\000e\000r\000e\000n\000c\000e}{chapter.1}% 49
\BOOKMARK [2][-]{subsection.1.7.1}{\376\377\000D\000e\000t\000a\000i\000l\000e\000d\000\040\000D\000e\000s\000c\000r\000i\000p\000t\000i\000o\000n}{section.1.7}% 50
\BOOKMARK [2][-]{subsection.1.7.2}{\376\377\000C\000o\000n\000s\000t\000r\000u\000c\000t\000o\000r\000\040\000\046\000\040\000D\000e\000s\000t\000r\000u\000c\000t\000o\000r\000\040\000D\000o\000c\000u\000m\000e\000n\000t\000a\000t\000i\000o\000n}{section.1.7}% 51
\BOOKMARK [3][-]{subsubsection.1.7.2.1}{\376\377\000\137\000\137\000i\000n\000i\000t\000\137\000\137}{subsection.1.7.2}% 52
\BOOKMARK [1][-]{section.1.8}{\376\377\000P\000D\000U\000D\000e\000v\000i\000c\000e\000\040\000C\000l\000a\000s\000s\000\040\000R\000e\000f\000e\000r\000e\000n\000c\000e}{chapter.1}% 53
\BOOKMARK [2][-]{subsection.1.8.1}{\376\377\000D\000e\000t\000a\000i\000l\000e\000d\000\040\000D\000e\000s\000c\000r\000i\000p\000t\000i\000o\000n}{section.1.8}% 54
\BOOKMARK [2][-]{subsection.1.8.2}{\376\377\000C\000o\000n\000s\000t\000r\000u\000c\000t\000o\000r\000\040\000\046\000\040\000D\000e\000s\000t\000r\000u\000c\000t\000o\000r\000\040\000D\000o\000c\000u\000m\000e\000n\000t\000a\000t\000i\000o\000n}{section.1.8}% 55
\BOOKMARK [3][-]{subsubsection.1.8.2.1}{\376\377\000\137\000\137\000i\000n\000i\000t\000\137\000\137}{subsection.1.8.2}% 56
\BOOKMARK [2][-]{subsection.1.8.3}{\376\377\000M\000e\000m\000b\000e\000r\000\040\000F\000u\000n\000c\000t\000i\000o\000n\000\040\000D\000o\000c\000u\000m\000e\000n\000t\000a\000t\000i\000o\000n}{section.1.8}% 57
\BOOKMARK [3][-]{subsubsection.1.8.3.1}{\376\377\000a\000d\000d\000\137\000l\000i\000n\000e}{subsection.1.8.3}% 58
\BOOKMARK [1][-]{section.1.9}{\376\377\000P\000D\000U\000L\000i\000n\000e\000\040\000C\000l\000a\000s\000s\000\040\000R\000e\000f\000e\000r\000e\000n\000c\000e}{chapter.1}% 59
\BOOKMARK [2][-]{subsection.1.9.1}{\376\377\000D\000e\000t\000a\000i\000l\000e\000d\000\040\000D\000e\000s\000c\000r\000i\000p\000t\000i\000o\000n}{section.1.9}% 60
\BOOKMARK [2][-]{subsection.1.9.2}{\376\377\000C\000o\000n\000s\000t\000r\000u\000c\000t\000o\000r\000\040\000\046\000\040\000D\000e\000s\000t\000r\000u\000c\000t\000o\000r\000\040\000D\000o\000c\000u\000m\000e\000n\000t\000a\000t\000i\000o\000n}{section.1.9}% 61
\BOOKMARK [3][-]{subsubsection.1.9.2.1}{\376\377\000\137\000\137\000i\000n\000i\000t\000\137\000\137}{subsection.1.9.2}% 62
\BOOKMARK [2][-]{subsection.1.9.3}{\376\377\000M\000e\000m\000b\000e\000r\000\040\000F\000u\000n\000c\000t\000i\000o\000n\000\040\000D\000o\000c\000u\000m\000e\000n\000t\000a\000t\000i\000o\000n}{section.1.9}% 63
\BOOKMARK [3][-]{subsubsection.1.9.3.1}{\376\377\000\137\000\137\000r\000e\000p\000r\000\137\000\137}{subsection.1.9.3}% 64
\BOOKMARK [2][-]{subsection.1.9.4}{\376\377\000F\000i\000e\000l\000d\000\040\000D\000o\000c\000u\000m\000e\000n\000t\000a\000t\000i\000o\000n}{section.1.9}% 65
\BOOKMARK [3][-]{subsubsection.1.9.4.1}{\376\377\000c\000o\000m\000p\000u\000t\000e\000r}{subsection.1.9.4}% 66
\BOOKMARK [3][-]{subsubsection.1.9.4.2}{\376\377\000d\000e\000s\000c\000r\000i\000p\000t\000i\000o\000n}{subsection.1.9.4}% 67
\BOOKMARK [3][-]{subsubsection.1.9.4.3}{\376\377\000n\000a\000m\000e}{subsection.1.9.4}% 68
\BOOKMARK [3][-]{subsubsection.1.9.4.4}{\376\377\000v\000o\000l\000t\000a\000g\000e}{subsection.1.9.4}% 69
\BOOKMARK [1][-]{section.1.10}{\376\377\000W\000a\000t\000t\000s\000U\000p\000D\000e\000v\000i\000c\000e\000\040\000C\000l\000a\000s\000s\000\040\000R\000e\000f\000e\000r\000e\000n\000c\000e}{chapter.1}% 70
\BOOKMARK [2][-]{subsection.1.10.1}{\376\377\000D\000e\000t\000a\000i\000l\000e\000d\000\040\000D\000e\000s\000c\000r\000i\000p\000t\000i\000o\000n}{section.1.10}% 71
\BOOKMARK [2][-]{subsection.1.10.2}{\376\377\000C\000o\000n\000s\000t\000r\000u\000c\000t\000o\000r\000\040\000\046\000\040\000D\000e\000s\000t\000r\000u\000c\000t\000o\000r\000\040\000D\000o\000c\000u\000m\000e\000n\000t\000a\000t\000i\000o\000n}{section.1.10}% 72
\BOOKMARK [3][-]{subsubsection.1.10.2.1}{\376\377\000\137\000\137\000i\000n\000i\000t\000\137\000\137}{subsection.1.10.2}% 73
\BOOKMARK [2][-]{subsection.1.10.3}{\376\377\000M\000e\000m\000b\000e\000r\000\040\000F\000u\000n\000c\000t\000i\000o\000n\000\040\000D\000o\000c\000u\000m\000e\000n\000t\000a\000t\000i\000o\000n}{section.1.10}% 74
\BOOKMARK [3][-]{subsubsection.1.10.3.1}{\376\377\000a\000d\000d\000\137\000l\000i\000n\000e}{subsection.1.10.3}% 75
\BOOKMARK [0][-]{chapter.2}{\376\377\000F\000i\000l\000e\000\040\000D\000o\000c\000u\000m\000e\000n\000t\000a\000t\000i\000o\000n}{}% 76
\BOOKMARK [1][-]{section.2.1}{\376\377\000/\000h\000o\000m\000e\000/\000b\000a\000r\000r\000a\000c\000h\000i\000/\000d\000a\000t\000o\000s\000/\000a\000p\000l\000i\000c\000a\000c\000i\000o\000n\000e\000s\000/\000p\000o\000w\000e\000r\000m\000e\000t\000e\000r\000/\000s\000e\000t\000t\000i\000n\000g\000s\000-\000u\000s\000e\000-\000e\000x\000a\000m\000p\000l\000e\000.\000p\000y\000\040\000F\000i\000l\000e\000\040\000R\000e\000f\000e\000r\000e\000n\000c\000e}{chapter.2}% 77
\BOOKMARK [1][-]{section.2.2}{\376\377\000/\000h\000o\000m\000e\000/\000b\000a\000r\000r\000a\000c\000h\000i\000/\000d\000a\000t\000o\000s\000/\000a\000p\000l\000i\000c\000a\000c\000i\000o\000n\000e\000s\000/\000p\000o\000w\000e\000r\000m\000e\000t\000e\000r\000/\000s\000e\000t\000t\000i\000n\000g\000s\000-\000u\000s\000e\000-\000e\000x\000a\000m\000p\000l\000e\000.\000p\000y}{chapter.2}% 78
\BOOKMARK [1][-]{section.2.3}{\376\377\000/\000h\000o\000m\000e\000/\000b\000a\000r\000r\000a\000c\000h\000i\000/\000d\000a\000t\000o\000s\000/\000a\000p\000l\000i\000c\000a\000c\000i\000o\000n\000e\000s\000/\000p\000o\000w\000e\000r\000m\000e\000t\000e\000r\000/\000s\000e\000t\000t\000i\000n\000g\000s\000.\000p\000y\000\040\000F\000i\000l\000e\000\040\000R\000e\000f\000e\000r\000e\000n\000c\000e}{chapter.2}% 79
\BOOKMARK [1][-]{section.2.4}{\376\377\000/\000h\000o\000m\000e\000/\000b\000a\000r\000r\000a\000c\000h\000i\000/\000d\000a\000t\000o\000s\000/\000a\000p\000l\000i\000c\000a\000c\000i\000o\000n\000e\000s\000/\000p\000o\000w\000e\000r\000m\000e\000t\000e\000r\000/\000s\000e\000t\000t\000i\000n\000g\000s\000.\000p\000y}{chapter.2}% 80
\BOOKMARK [1][-]{section.2.5}{\376\377\000/\000h\000o\000m\000e\000/\000b\000a\000r\000r\000a\000c\000h\000i\000/\000d\000a\000t\000o\000s\000/\000a\000p\000l\000i\000c\000a\000c\000i\000o\000n\000e\000s\000/\000p\000o\000w\000e\000r\000m\000e\000t\000e\000r\000/\000s\000e\000t\000t\000i\000n\000g\000s\000\137\000c\000l\000a\000s\000s\000e\000s\000.\000p\000y\000\040\000F\000i\000l\000e\000\040\000R\000e\000f\000e\000r\000e\000n\000c\000e}{chapter.2}% 81
\BOOKMARK [1][-]{section.2.6}{\376\377\000/\000h\000o\000m\000e\000/\000b\000a\000r\000r\000a\000c\000h\000i\000/\000d\000a\000t\000o\000s\000/\000a\000p\000l\000i\000c\000a\000c\000i\000o\000n\000e\000s\000/\000p\000o\000w\000e\000r\000m\000e\000t\000e\000r\000/\000s\000e\000t\000t\000i\000n\000g\000s\000\137\000c\000l\000a\000s\000s\000e\000s\000.\000p\000y}{chapter.2}% 82
